<?xml version="1.0" encoding="utf-8"?>
<TestRun id="48c629f4-a781-488f-a873-a68a062afde9" name="arakur@N1P00002 2023-07-23 00:26:12" runUser="N1P00002\arakur" xmlns="http://microsoft.com/schemas/VisualStudio/TeamTest/2010">
  <Times creation="2023-07-23T00:26:12.5178675+09:00" queuing="2023-07-23T00:26:12.5178680+09:00" start="2023-07-23T00:26:08.2706874+09:00" finish="2023-07-23T00:26:12.5424941+09:00" />
  <TestSettings name="default" id="3c483218-39b1-4a8f-b0d8-45c2f92795fe">
    <Deployment runDeploymentRoot="arakur_N1P00002_2023-07-23_00_26_12" />
  </TestSettings>
  <Results>
    <UnitTestResult executionId="8b28309f-4248-4958-94cc-03879c19b871" testId="d11b6859-f1ae-60d1-a58d-4551a8080359" testName="TestSchemeToString" computerName="N1P00002" duration="00:00:00.1211380" startTime="2023-07-23T00:26:11.9423065+09:00" endTime="2023-07-23T00:26:12.0631430+09:00" testType="13cdc9d9-ddb5-4fa4-a97d-d965ccfc6d4b" outcome="Passed" testListId="8c84fa94-04c1-424b-9868-57a2d4851a1d" relativeResultsDirectory="8b28309f-4248-4958-94cc-03879c19b871" />
    <UnitTestResult executionId="0efa8434-3be6-4a28-8063-69d5be19bb6f" testId="55643d9a-8b5e-37da-7165-b77f55f71f82" testName="TestUriToString" computerName="N1P00002" duration="00:00:00.0846030" startTime="2023-07-23T00:26:12.0696006+09:00" endTime="2023-07-23T00:26:12.1542030+09:00" testType="13cdc9d9-ddb5-4fa4-a97d-d965ccfc6d4b" outcome="Passed" testListId="8c84fa94-04c1-424b-9868-57a2d4851a1d" relativeResultsDirectory="0efa8434-3be6-4a28-8063-69d5be19bb6f" />
  </Results>
  <TestDefinitions>
    <UnitTest name="TestUriToString" storage="c:\users\user\fsharp\misskeynet\uri.tests\bin\debug\net7.0\uri.tests.dll" id="55643d9a-8b5e-37da-7165-b77f55f71f82">
      <Execution id="0efa8434-3be6-4a28-8063-69d5be19bb6f" />
      <TestMethod codeBase="c:\Users\User\fsharp\MisskeyNet\Uri.Tests\bin\Debug\net7.0\Uri.Tests.dll" adapterTypeName="executor://nunit3testexecutor/" className="Uri.Tests+TestClass" name="TestUriToString" />
    </UnitTest>
    <UnitTest name="TestSchemeToString" storage="c:\users\user\fsharp\misskeynet\uri.tests\bin\debug\net7.0\uri.tests.dll" id="d11b6859-f1ae-60d1-a58d-4551a8080359">
      <Execution id="8b28309f-4248-4958-94cc-03879c19b871" />
      <TestMethod codeBase="c:\Users\User\fsharp\MisskeyNet\Uri.Tests\bin\Debug\net7.0\Uri.Tests.dll" adapterTypeName="executor://nunit3testexecutor/" className="Uri.Tests+TestClass" name="TestSchemeToString" />
    </UnitTest>
  </TestDefinitions>
  <TestEntries>
    <TestEntry testId="d11b6859-f1ae-60d1-a58d-4551a8080359" executionId="8b28309f-4248-4958-94cc-03879c19b871" testListId="8c84fa94-04c1-424b-9868-57a2d4851a1d" />
    <TestEntry testId="55643d9a-8b5e-37da-7165-b77f55f71f82" executionId="0efa8434-3be6-4a28-8063-69d5be19bb6f" testListId="8c84fa94-04c1-424b-9868-57a2d4851a1d" />
  </TestEntries>
  <TestLists>
    <TestList name="Results Not in a List" id="8c84fa94-04c1-424b-9868-57a2d4851a1d" />
    <TestList name="All Loaded Results" id="19431567-8539-422a-85d7-44ee4e166bda" />
  </TestLists>
  <ResultSummary outcome="Completed">
    <Counters total="2" executed="2" passed="2" failed="0" error="0" timeout="0" aborted="0" inconclusive="0" passedButRunAborted="0" notRunnable="0" notExecuted="0" disconnected="0" warning="0" completed="0" inProgress="0" pending="0" />
    <Output>
      <StdOut>NUnit Adapter 4.2.0.0: Test execution started&#xD;
Running all tests in c:\Users\User\fsharp\MisskeyNet\Uri.Tests\bin\Debug\net7.0\Uri.Tests.dll&#xD;
   NUnit3TestExecutor discovered 2 of 2 NUnit test cases using Current Discovery mode, Non-Explicit run&#xD;
NUnit Adapter 4.2.0.0: Test execution complete&#xD;
</StdOut>
    </Output>
  </ResultSummary>
</TestRun>